<?xml version="1.0" encoding="UTF-8"?>
<!-- Generated by org.testng.reporters.JUnitXMLReporter -->
<testsuite hostname="DESKTOP-0N9REI5" ignored="0" name="AdminPage" tests="9" failures="2" timestamp="2020-10-14T15:13:24 IST" time="752.837" errors="0">
  <testcase name="@AfterClass tearDown" time="6.001" classname="PSMS.ApplicationPage.Preconditions">
    <failure type="org.openqa.selenium.NoSuchSessionException" message="Session ID is null. Using WebDriver after calling quit()?
Build info: version: &amp;apos;3.141.59&amp;apos;, revision: &amp;apos;e82be7d358&amp;apos;, time: &amp;apos;2018-11-14T08:17:03&amp;apos;
System info: host: &amp;apos;DESKTOP-0N9REI5&amp;apos;, ip: &amp;apos;192.168.161.160&amp;apos;, os.name: &amp;apos;Windows 10&amp;apos;, os.arch: &amp;apos;amd64&amp;apos;, os.version: &amp;apos;10.0&amp;apos;, java.version: &amp;apos;1.8.0_261&amp;apos;
Driver info: driver.version: RemoteWebDriver">
      <![CDATA[org.openqa.selenium.NoSuchSessionException: Session ID is null. Using WebDriver after calling quit()?
Build info: version: '3.141.59', revision: 'e82be7d358', time: '2018-11-14T08:17:03'
System info: host: 'DESKTOP-0N9REI5', ip: '192.168.161.160', os.name: 'Windows 10', os.arch: 'amd64', os.version: '10.0', java.version: '1.8.0_261'
Driver info: driver.version: RemoteWebDriver
at org.openqa.selenium.remote.HttpCommandExecutor.execute(HttpCommandExecutor.java:125)
at org.openqa.selenium.remote.service.DriverCommandExecutor.execute(DriverCommandExecutor.java:83)
at org.openqa.selenium.remote.RemoteWebDriver.execute(RemoteWebDriver.java:552)
at org.openqa.selenium.remote.RemoteWebDriver.findElement(RemoteWebDriver.java:323)
at org.openqa.selenium.remote.RemoteWebDriver.findElementByXPath(RemoteWebDriver.java:428)
at org.openqa.selenium.By$ByXPath.findElement(By.java:353)
at org.openqa.selenium.remote.RemoteWebDriver.findElement(RemoteWebDriver.java:315)
at Utlities.GenericMethods.clickLocator(GenericMethods.java:215)
at LoginFunctionalitys.loginDetailsPage.logout(loginDetailsPage.java:24)
at PSMS.ApplicationPage.Preconditions.tearDown(Preconditions.java:24)
at java.util.ArrayList.forEach(ArrayList.java:1259)
... Removed 25 stack frames]]>
    </failure>
  </testcase> <!-- @AfterClass tearDown -->
  <testcase name="PSMSApplication_Title" time="0.024" classname="PSMS.ApplicationPage.AdminPageValidation"/>
  <testcase name="LoginDetails" time="0.508" classname="PSMS.ApplicationPage.AdminPageValidation"/>
  <testcase name="DashboardModule" time="5.507" classname="PSMS.ApplicationPage.AdminPageValidation"/>
  <testcase name="PSMSMasterModules" time="193.364" classname="PSMS.ApplicationPage.AdminPageValidation">
    <failure type="org.openqa.selenium.ElementClickInterceptedException" message="element click intercepted: Element &amp;lt;input class=&amp;quot;jss180&amp;quot; type=&amp;quot;checkbox&amp;quot; data-indeterminate=&amp;quot;false&amp;quot; aria-labelledby=&amp;quot;enhanced-table-checkbox-1&amp;quot; value=&amp;quot;31&amp;quot;&amp;gt; is not clickable at point (81, 402). Other element would receive the click: &amp;lt;input class=&amp;quot;jss180&amp;quot; type=&amp;quot;checkbox&amp;quot; data-indeterminate=&amp;quot;false&amp;quot; aria-labelledby=&amp;quot;enhanced-table-checkbox-0&amp;quot; value=&amp;quot;61&amp;quot;&amp;gt;
  (Session info: chrome=86.0.4240.75)
Build info: version: &amp;apos;3.141.59&amp;apos;, revision: &amp;apos;e82be7d358&amp;apos;, time: &amp;apos;2018-11-14T08:17:03&amp;apos;
System info: host: &amp;apos;DESKTOP-0N9REI5&amp;apos;, ip: &amp;apos;192.168.161.160&amp;apos;, os.name: &amp;apos;Windows 10&amp;apos;, os.arch: &amp;apos;amd64&amp;apos;, os.version: &amp;apos;10.0&amp;apos;, java.version: &amp;apos;1.8.0_261&amp;apos;
Driver info: org.openqa.selenium.chrome.ChromeDriver
Capabilities {acceptInsecureCerts: false, browserName: chrome, browserVersion: 86.0.4240.75, chrome: {chromedriverVersion: 86.0.4240.22 (398b0743353ff..., userDataDir: C:\Users\ISSI-W~1\AppData\L...}, goog:chromeOptions: {debuggerAddress: localhost:58491}, javascriptEnabled: true, networkConnectionEnabled: false, pageLoadStrategy: normal, platform: WINDOWS, platformName: WINDOWS, proxy: Proxy(), setWindowRect: true, strictFileInteractability: false, timeouts: {implicit: 0, pageLoad: 300000, script: 30000}, unhandledPromptBehavior: dismiss and notify, webauthn:virtualAuthenticators: true}
Session ID: 2b902b8e78749d2e0992d52b1eb934f1">
      <![CDATA[org.openqa.selenium.ElementClickInterceptedException: element click intercepted: Element <input class="jss180" type="checkbox" data-indeterminate="false" aria-labelledby="enhanced-table-checkbox-1" value="31"> is not clickable at point (81, 402). Other element would receive the click: <input class="jss180" type="checkbox" data-indeterminate="false" aria-labelledby="enhanced-table-checkbox-0" value="61">
  (Session info: chrome=86.0.4240.75)
Build info: version: '3.141.59', revision: 'e82be7d358', time: '2018-11-14T08:17:03'
System info: host: 'DESKTOP-0N9REI5', ip: '192.168.161.160', os.name: 'Windows 10', os.arch: 'amd64', os.version: '10.0', java.version: '1.8.0_261'
Driver info: org.openqa.selenium.chrome.ChromeDriver
Capabilities {acceptInsecureCerts: false, browserName: chrome, browserVersion: 86.0.4240.75, chrome: {chromedriverVersion: 86.0.4240.22 (398b0743353ff..., userDataDir: C:\Users\ISSI-W~1\AppData\L...}, goog:chromeOptions: {debuggerAddress: localhost:58491}, javascriptEnabled: true, networkConnectionEnabled: false, pageLoadStrategy: normal, platform: WINDOWS, platformName: WINDOWS, proxy: Proxy(), setWindowRect: true, strictFileInteractability: false, timeouts: {implicit: 0, pageLoad: 300000, script: 30000}, unhandledPromptBehavior: dismiss and notify, webauthn:virtualAuthenticators: true}
Session ID: 2b902b8e78749d2e0992d52b1eb934f1
at org.openqa.selenium.remote.http.W3CHttpResponseCodec.createException(W3CHttpResponseCodec.java:187)
at org.openqa.selenium.remote.http.W3CHttpResponseCodec.decode(W3CHttpResponseCodec.java:122)
at org.openqa.selenium.remote.http.W3CHttpResponseCodec.decode(W3CHttpResponseCodec.java:49)
at org.openqa.selenium.remote.HttpCommandExecutor.execute(HttpCommandExecutor.java:158)
at org.openqa.selenium.remote.service.DriverCommandExecutor.execute(DriverCommandExecutor.java:83)
at org.openqa.selenium.remote.RemoteWebDriver.execute(RemoteWebDriver.java:552)
at org.openqa.selenium.remote.RemoteWebElement.execute(RemoteWebElement.java:285)
at org.openqa.selenium.remote.RemoteWebElement.click(RemoteWebElement.java:84)
at Utlities.BrowserActions.MasterSearch(BrowserActions.java:180)
at PSMS.MasterModule.Skills.Skills(Skills.java:74)
at PSMS.MasterModule.Elements.ElementsPage(Elements.java:34)
at PSMS.ApplicationPage.AdminPageValidation.PSMSMasterModules(AdminPageValidation.java:39)
at java.util.ArrayList.forEach(ArrayList.java:1259)
... Removed 31 stack frames]]>
    </failure>
  </testcase> <!-- PSMSMasterModules -->
  <testcase name="PSMSAdminModules" time="141.461" classname="PSMS.ApplicationPage.AdminPageValidation"/>
  <testcase name="PSMSApplication_Title" time="0.017" classname="PSMS.ApplicationPage.SecondUserPage"/>
  <testcase name="LoginDetails" time="0.71" classname="PSMS.ApplicationPage.SecondUserPage"/>
  <testcase name="DashboardModule" time="3.034" classname="PSMS.ApplicationPage.SecondUserPage"/>
  <testcase name="PSMSTesterModules" time="241.501" classname="PSMS.ApplicationPage.SecondUserPage">
    <failure type="org.openqa.selenium.NoSuchSessionException" message="Session ID is null. Using WebDriver after calling quit()?
Build info: version: &amp;apos;3.141.59&amp;apos;, revision: &amp;apos;e82be7d358&amp;apos;, time: &amp;apos;2018-11-14T08:17:03&amp;apos;
System info: host: &amp;apos;DESKTOP-0N9REI5&amp;apos;, ip: &amp;apos;192.168.161.160&amp;apos;, os.name: &amp;apos;Windows 10&amp;apos;, os.arch: &amp;apos;amd64&amp;apos;, os.version: &amp;apos;10.0&amp;apos;, java.version: &amp;apos;1.8.0_261&amp;apos;
Driver info: driver.version: RemoteWebDriver">
      <![CDATA[org.openqa.selenium.NoSuchSessionException: Session ID is null. Using WebDriver after calling quit()?
Build info: version: '3.141.59', revision: 'e82be7d358', time: '2018-11-14T08:17:03'
System info: host: 'DESKTOP-0N9REI5', ip: '192.168.161.160', os.name: 'Windows 10', os.arch: 'amd64', os.version: '10.0', java.version: '1.8.0_261'
Driver info: driver.version: RemoteWebDriver
at org.openqa.selenium.remote.HttpCommandExecutor.execute(HttpCommandExecutor.java:125)
at org.openqa.selenium.remote.service.DriverCommandExecutor.execute(DriverCommandExecutor.java:83)
at org.openqa.selenium.remote.RemoteWebDriver.execute(RemoteWebDriver.java:552)
at org.openqa.selenium.remote.RemoteWebDriver$RemoteWebDriverOptions$RemoteTimeouts.implicitlyWait(RemoteWebDriver.java:780)
at Utlities.BrowserActions.MasterSearch(BrowserActions.java:177)
at PSMS.MasterModule.Skills.Skills(Skills.java:74)
at PSMS.MasterModule.Elements.ElementsPage(Elements.java:34)
at PSMS.ApplicationPage.SecondUserPage.PSMSTesterModules(SecondUserPage.java:49)
at java.util.ArrayList.forEach(ArrayList.java:1259)
... Removed 27 stack frames]]>
    </failure>
  </testcase> <!-- PSMSTesterModules -->
</testsuite> <!-- AdminPage -->
